<?xml version="1.0" encoding="UTF-8"?>
<!-- Generated by org.testng.reporters.JUnitXMLReporter -->
<testsuite ignored="0" hostname="DESKTOP-GT0HAMU" failures="0" tests="3" name=" Submit Order Test" time="36.145" errors="0" timestamp="2026-03-23T17:03:05 IST">
  <testcase classname="rahulshettyacademy.tests.SubmitOrderTest" name="submitOrder" time="6.444"/>
  <testcase classname="rahulshettyacademy.tests.SubmitOrderTest" name="submitOrder" time="6.445"/>
  <testcase classname="rahulshettyacademy.tests.SubmitOrderTest" name="OrderHistory" time="4.48"/>
</testsuite> <!--  Submit Order Test -->
