<?xml version="1.0" encoding="UTF-8"?>
<!-- Generated by org.testng.reporters.JUnitReportReporter -->
<testsuite hostname="DESKTOP-GT0HAMU" failures="0" tests="2" name="rahulshettyacademy.tests.SubmitOrderTest" time="20.751" errors="0" timestamp="2026-03-25T14:50:46 IST" skipped="0">
  <testcase classname="rahulshettyacademy.tests.SubmitOrderTest" name="submitOrder" time="11.678"/>
  <testcase classname="rahulshettyacademy.tests.SubmitOrderTest" name="submitOrder" time="9.073"/>
</testsuite> <!-- rahulshettyacademy.tests.SubmitOrderTest -->
